# JRE version: Java(TM) SE Runtime Environment (8.0_91-b14) (build 1.8.0_91-b14)
# Java VM: Java HotSpot(TM) 64-Bit Server VM (25.91-b14 mixed mode windows-amd64 compressed oops)
Heap:
 PSYoungGen      total 207872K, used 187851K [0x0000000780700000, 0x000000078f500000, 0x00000007c0000000)
  eden space 193024K, 89% used [0x0000000780700000,0x000000078b031f00,0x000000078c380000)
  from space 14848K, 98% used [0x000000078e680000,0x000000078f4c0f90,0x000000078f500000)
  to   space 16896K, 0% used [0x000000078d400000,0x000000078d400000,0x000000078e480000)
 ParOldGen       total 119808K, used 20399K [0x0000000701400000, 0x0000000708900000, 0x0000000780700000)
  object space 119808K, 17% used [0x0000000701400000,0x00000007027ebe80,0x0000000708900000)
 Metaspace       used 52129K, capacity 52786K, committed 53120K, reserved 1095680K
  class space    used 6629K, capacity 6782K, committed 6784K, reserved 1048576K
GC Heap History (10 events):
Event: 7.446 GC heap before
{Heap before GC invocations=6 (full 1):
 PSYoungGen      total 85504K, used 85320K [0x0000000780700000, 0x0000000787380000, 0x00000007c0000000)
  eden space 80896K, 100% used [0x0000000780700000,0x0000000785600000,0x0000000785600000)
  from space 4608K, 96% used [0x0000000786f00000,0x00000007873521d8,0x0000000787380000)
  to   space 8192K, 0% used [0x0000000786380000,0x0000000786380000,0x0000000786b80000)
 ParOldGen       total 80384K, used 9015K [0x0000000701400000, 0x0000000706280000, 0x0000000780700000)
  object space 80384K, 11% used [0x0000000701400000,0x0000000701ccdf90,0x0000000706280000)
 Metaspace       used 27244K, capacity 27716K, committed 27904K, reserved 1073152K
  class space    used 3375K, capacity 3491K, committed 3584K, reserved 1048576K
Event: 7.472 GC heap after
Heap after GC invocations=6 (full 1):
 PSYoungGen      total 102912K, used 8184K [0x0000000780700000, 0x000000078a200000, 0x00000007c0000000)
  eden space 94720K, 0% used [0x0000000780700000,0x0000000780700000,0x0000000786380000)
  from space 8192K, 99% used [0x0000000786380000,0x0000000786b7e088,0x0000000786b80000)
  to   space 14336K, 0% used [0x0000000789400000,0x0000000789400000,0x000000078a200000)
 ParOldGen       total 80384K, used 10355K [0x0000000701400000, 0x0000000706280000, 0x0000000780700000)
  object space 80384K, 12% used [0x0000000701400000,0x0000000701e1cc70,0x0000000706280000)
 Metaspace       used 27244K, capacity 27716K, committed 27904K, reserved 1073152K
  class space    used 3375K, capacity 3491K, committed 3584K, reserved 1048576K
}
Event: 9.743 GC heap before
{Heap before GC invocations=7 (full 1):
 PSYoungGen      total 102912K, used 102904K [0x0000000780700000, 0x000000078a200000, 0x00000007c0000000)
  eden space 94720K, 100% used [0x0000000780700000,0x0000000786380000,0x0000000786380000)
  from space 8192K, 99% used [0x0000000786380000,0x0000000786b7e088,0x0000000786b80000)
  to   space 14336K, 0% used [0x0000000789400000,0x0000000789400000,0x000000078a200000)
 ParOldGen       total 80384K, used 10355K [0x0000000701400000, 0x0000000706280000, 0x0000000780700000)
  object space 80384K, 12% used [0x0000000701400000,0x0000000701e1cc70,0x0000000706280000)
 Metaspace       used 30836K, capacity 31296K, committed 31616K, reserved 1077248K
  class space    used 3810K, capacity 3949K, committed 3968K, reserved 1048576K
Event: 9.788 GC heap after
Heap after GC invocations=7 (full 1):
 PSYoungGen      total 143872K, used 11586K [0x0000000780700000, 0x000000078b800000, 0x00000007c0000000)
  eden space 129536K, 0% used [0x0000000780700000,0x0000000780700000,0x0000000788580000)
  from space 14336K, 80% used [0x0000000789400000,0x0000000789f509b8,0x000000078a200000)
  to   space 14848K, 0% used [0x0000000788580000,0x0000000788580000,0x0000000789400000)
 ParOldGen       total 80384K, used 10363K [0x0000000701400000, 0x0000000706280000, 0x0000000780700000)
  object space 80384K, 12% used [0x0000000701400000,0x0000000701e1ec70,0x0000000706280000)
 Metaspace       used 30836K, capacity 31296K, committed 31616K, reserved 1077248K
  class space    used 3810K, capacity 3949K, committed 3968K, reserved 1048576K
}
Event: 10.761 GC heap before
{Heap before GC invocations=8 (full 1):
 PSYoungGen      total 143872K, used 57376K [0x0000000780700000, 0x000000078b800000, 0x00000007c0000000)
  eden space 129536K, 35% used [0x0000000780700000,0x00000007833b77c0,0x0000000788580000)
  from space 14336K, 80% used [0x0000000789400000,0x0000000789f509b8,0x000000078a200000)
  to   space 14848K, 0% used [0x0000000788580000,0x0000000788580000,0x0000000789400000)
 ParOldGen       total 80384K, used 10363K [0x0000000701400000, 0x0000000706280000, 0x0000000780700000)
  object space 80384K, 12% used [0x0000000701400000,0x0000000701e1ec70,0x0000000706280000)
 Metaspace       used 34783K, capacity 35242K, committed 35496K, reserved 1081344K
  class space    used 4244K, capacity 4340K, committed 4352K, reserved 1048576K
Event: 10.799 GC heap after
Heap after GC invocations=8 (full 1):
 PSYoungGen      total 144384K, used 12526K [0x0000000780700000, 0x000000078f600000, 0x00000007c0000000)
  eden space 129536K, 0% used [0x0000000780700000,0x0000000780700000,0x0000000788580000)
  from space 14848K, 84% used [0x0000000788580000,0x00000007891bbb50,0x0000000789400000)
  to   space 15872K, 0% used [0x000000078e680000,0x000000078e680000,0x000000078f600000)
 ParOldGen       total 80384K, used 10363K [0x0000000701400000, 0x0000000706280000, 0x0000000780700000)
  object space 80384K, 12% used [0x0000000701400000,0x0000000701e1ec70,0x0000000706280000)
 Metaspace       used 34783K, capacity 35242K, committed 35496K, reserved 1081344K
  class space    used 4244K, capacity 4340K, committed 4352K, reserved 1048576K
}
Event: 10.799 GC heap before
{Heap before GC invocations=9 (full 2):
 PSYoungGen      total 144384K, used 12526K [0x0000000780700000, 0x000000078f600000, 0x00000007c0000000)
  eden space 129536K, 0% used [0x0000000780700000,0x0000000780700000,0x0000000788580000)
  from space 14848K, 84% used [0x0000000788580000,0x00000007891bbb50,0x0000000789400000)
  to   space 15872K, 0% used [0x000000078e680000,0x000000078e680000,0x000000078f600000)
 ParOldGen       total 80384K, used 10363K [0x0000000701400000, 0x0000000706280000, 0x0000000780700000)
  object space 80384K, 12% used [0x0000000701400000,0x0000000701e1ec70,0x0000000706280000)
 Metaspace       used 34783K, capacity 35242K, committed 35496K, reserved 1081344K
  class space    used 4244K, capacity 4340K, committed 4352K, reserved 1048576K
Event: 10.994 GC heap after
Heap after GC invocations=9 (full 2):
 PSYoungGen      total 144384K, used 0K [0x0000000780700000, 0x000000078f600000, 0x00000007c0000000)
  eden space 129536K, 0% used [0x0000000780700000,0x0000000780700000,0x0000000788580000)
  from space 14848K, 0% used [0x0000000788580000,0x0000000788580000,0x0000000789400000)
  to   space 15872K, 0% used [0x000000078e680000,0x000000078e680000,0x000000078f600000)
 ParOldGen       total 119808K, used 20391K [0x0000000701400000, 0x0000000708900000, 0x0000000780700000)
  object space 119808K, 17% used [0x0000000701400000,0x00000007027e9e80,0x0000000708900000)
 Metaspace       used 34783K, capacity 35242K, committed 35496K, reserved 1081344K
  class space    used 4244K, capacity 4340K, committed 4352K, reserved 1048576K
}
Event: 15.017 GC heap before
{Heap before GC invocations=10 (full 2):
 PSYoungGen      total 144384K, used 129536K [0x0000000780700000, 0x000000078f600000, 0x00000007c0000000)
  eden space 129536K, 100% used [0x0000000780700000,0x0000000788580000,0x0000000788580000)
  from space 14848K, 0% used [0x0000000788580000,0x0000000788580000,0x0000000789400000)
  to   space 15872K, 0% used [0x000000078e680000,0x000000078e680000,0x000000078f600000)
 ParOldGen       total 119808K, used 20391K [0x0000000701400000, 0x0000000708900000, 0x0000000780700000)
  object space 119808K, 17% used [0x0000000701400000,0x00000007027e9e80,0x0000000708900000)
 Metaspace       used 45872K, capacity 46374K, committed 46720K, reserved 1089536K
  class space    used 5876K, capacity 6014K, committed 6016K, reserved 1048576K
Event: 15.041 GC heap after
Heap after GC invocations=10 (full 2):
 PSYoungGen      total 207872K, used 14595K [0x0000000780700000, 0x000000078f500000, 0x00000007c0000000)
  eden space 193024K, 0% used [0x0000000780700000,0x0000000780700000,0x000000078c380000)
  from space 14848K, 98% used [0x000000078e680000,0x000000078f4c0f90,0x000000078f500000)
  to   space 16896K, 0% used [0x000000078d400000,0x000000078d400000,0x000000078e480000)
 ParOldGen       total 119808K, used 20399K [0x0000000701400000, 0x0000000708900000, 0x0000000780700000)
  object space 119808K, 17% used [0x0000000701400000,0x00000007027ebe80,0x0000000708900000)
 Metaspace       used 45872K, capacity 46374K, committed 46720K, reserved 1089536K
  class space    used 5876K, capacity 6014K, committed 6016K, reserved 1048576K
}

